#
# There is insufficient memory for the Java Runtime Environment to continue.
# Native memory allocation (malloc) failed to allocate 1048576 bytes for AllocateHeap
# Possible reasons:
#   The system is out of physical RAM or swap space
#   In 32 bit mode, the process size limit was hit
# Possible solutions:
#   Reduce memory load on the system
#   Increase physical memory or swap space
#   Check if swap backing store is full
#   Use 64 bit Java on a 64 bit OS
#   Decrease Java heap size (-Xmx/-Xms)
#   Decrease number of Java threads
#   Decrease Java thread stack sizes (-Xss)
#   Set larger code cache with -XX:ReservedCodeCacheSize=
# This output file may be truncated or incomplete.
#
#  Out of Memory Error (memory/allocation.inline.hpp:61), pid=10500, tid=0x00000000000025cc
#
# JRE version:  (8.0_112-b06) (build )
# Java VM: OpenJDK 64-Bit Server VM (25.112-b06 mixed mode windows-amd64 compressed oops)
# Failed to write core dump. Minidumps are not enabled by default on client versions of Windows
#

---------------  T H R E A D  ---------------

Current thread (0x0000000002b91000):  JavaThread "Unknown thread" [_thread_in_vm, id=9676, stack(0x0000000002950000,0x0000000002a50000)]

Stack: [0x0000000002950000,0x0000000002a50000]
[error occurred during error reporting (printing stack bounds), id 0xc0000005]

Native frames: (J=compiled Java code, j=interpreted, Vv=VM code, C=native code)


---------------  P R O C E S S  ---------------

Java Threads: ( => current thread )

Other Threads:

=>0x0000000002b91000 (exited) JavaThread "Unknown thread" [_thread_in_vm, id=9676, stack(0x0000000002950000,0x0000000002a50000)]

VM state:not at safepoint (normal execution)

VM Mutex/Monitor currently owned by a thread: None

Heap:
 PSYoungGen      total 37888K, used 655K [0x00000000eab00000, 0x00000000ed500000, 0x0000000100000000)
  eden space 32768K, 2% used [0x00000000eab00000,0x00000000eaba3d80,0x00000000ecb00000)
  from space 5120K, 0% used [0x00000000ed000000,0x00000000ed000000,0x00000000ed500000)
  to   space 5120K, 0% used [0x00000000ecb00000,0x00000000ecb00000,0x00000000ed000000)
 ParOldGen       total 86016K, used 0K [0x00000000c0000000, 0x00000000c5400000, 0x00000000eab00000)
  object space 86016K, 0% used [0x00000000c0000000,0x00000000c0000000,0x00000000c5400000)
 Metaspace       used 772K, capacity 4480K, committed 4480K, reserved 1056768K
  class space    used 73K, capacity 384K, committed 384K, reserved 1048576K

Card table byte_map: [0x0000000012050000,0x0000000012260000] byte_map_base: 0x0000000011a50000

Marking Bits: (ParMarkBitMap*) 0x0000000067c018f0
 Begin Bits: [0x0000000012bc0000, 0x0000000013bc0000)
 End Bits:   [0x0000000013bc0000, 0x0000000014bc0000)

Polling page: 0x0000000001170000

CodeCache: size=245760Kb used=328Kb max_used=328Kb free=245431Kb
 bounds [0x0000000002c90000, 0x0000000002f00000, 0x0000000011c90000]
 total_blobs=57 nmethods=0 adapters=38
 compilation: enabled

Compilation events (0 events):
No events

GC Heap History (0 events):
No events

Deoptimization events (0 events):
No events

Internal exceptions (0 events):
No events

Events (10 events):
Event: 0.206 loading class java/lang/Short
Event: 0.206 loading class java/lang/Short done
Event: 0.206 loading class java/lang/Integer
Event: 0.206 loading class java/lang/Integer done
Event: 0.206 loading class java/lang/Long
Event: 0.206 loading class java/lang/Long done
Event: 0.207 loading class java/lang/NullPointerException
Event: 0.207 loading class java/lang/NullPointerException done
Event: 0.207 loading class java/lang/ArithmeticException
Event: 0.207 loading class java/lang/ArithmeticException done


Dynamic libraries:
0x00007ff6e6590000 - 0x00007ff6e65c1000 	C:\Program Files\Android\Android Studio\jre\bin\java.exe
0x00007ff88bd00000 - 0x00007ff88bed1000 	C:\WINDOWS\SYSTEM32\ntdll.dll
0x00007ff88ba70000 - 0x00007ff88bb1b000 	C:\WINDOWS\System32\KERNEL32.DLL
0x00007ff8885a0000 - 0x00007ff8887bd000 	C:\WINDOWS\System32\KERNELBASE.dll
0x00007ff88b920000 - 0x00007ff88b9c2000 	C:\WINDOWS\System32\ADVAPI32.dll
0x00007ff88acc0000 - 0x00007ff88ad5e000 	C:\WINDOWS\System32\msvcrt.dll
0x00007ff889430000 - 0x00007ff889489000 	C:\WINDOWS\System32\sechost.dll
0x00007ff88ab90000 - 0x00007ff88acb1000 	C:\WINDOWS\System32\RPCRT4.dll
0x00007ff88bb20000 - 0x00007ff88bc85000 	C:\WINDOWS\System32\USER32.dll
0x00007ff8884e0000 - 0x00007ff8884fe000 	C:\WINDOWS\System32\win32u.dll
0x00007ff88b2e0000 - 0x00007ff88b314000 	C:\WINDOWS\System32\GDI32.dll
0x00007ff889050000 - 0x00007ff8891d2000 	C:\WINDOWS\System32\gdi32full.dll
0x00007ff880a10000 - 0x00007ff880c8a000 	C:\WINDOWS\WinSxS\amd64_microsoft.windows.common-controls_6595b64144ccf1df_6.0.14393.953_none_42151e83c686086b\COMCTL32.dll
0x00007ff88aea0000 - 0x00007ff88b168000 	C:\WINDOWS\System32\combase.dll
0x00007ff888870000 - 0x00007ff888965000 	C:\WINDOWS\System32\ucrtbase.dll
0x00007ff8881f0000 - 0x00007ff88825a000 	C:\WINDOWS\System32\bcryptPrimitives.dll
0x00007ff88b9d0000 - 0x00007ff88b9fe000 	C:\WINDOWS\System32\IMM32.DLL
0x000000006c100000 - 0x000000006c1d2000 	C:\Program Files\Android\Android Studio\jre\jre\bin\msvcr100.dll
0x0000000067440000 - 0x0000000067c7c000 	C:\Program Files\Android\Android Studio\jre\jre\bin\server\jvm.dll
0x00007ff88b170000 - 0x00007ff88b178000 	C:\WINDOWS\System32\PSAPI.DLL
0x00007ff884a60000 - 0x00007ff884a69000 	C:\WINDOWS\SYSTEM32\WSOCK32.dll
0x00007ff88ba00000 - 0x00007ff88ba6a000 	C:\WINDOWS\System32\WS2_32.dll
0x00007ff8864e0000 - 0x00007ff886503000 	C:\WINDOWS\SYSTEM32\WINMM.dll
0x00007ff881980000 - 0x00007ff88198a000 	C:\WINDOWS\SYSTEM32\VERSION.dll
0x00007ff886480000 - 0x00007ff8864ab000 	C:\WINDOWS\SYSTEM32\WINMMBASE.dll
0x00007ff8891e0000 - 0x00007ff889222000 	C:\WINDOWS\System32\cfgmgr32.dll
0x00007ff884610000 - 0x00007ff88461f000 	C:\Program Files\Android\Android Studio\jre\jre\bin\verify.dll
0x00007ff883080000 - 0x00007ff8830a9000 	C:\Program Files\Android\Android Studio\jre\jre\bin\java.dll
0x00007ff8845f0000 - 0x00007ff884606000 	C:\Program Files\Android\Android Studio\jre\jre\bin\zip.dll

VM Arguments:
jvm_args: -Djava.awt.headless=true -Xmx1024M -Dfile.encoding=windows-1252 -Duser.country=IN -Duser.language=en -Duser.variant 
java_command: com.android.dx.command.Main --dex --force-jumbo --num-threads=4 --multi-dex --output C:\Users\yashwant\Desktop\materiallogindemo-master\app\build\intermediates\transforms\dex\debug\folders\1000\10\classes_8411bfa051f3e044c40b26e4541846cf190a5917 C:\Users\yashwant\.android\build-cache\e4165cef250fd427a34f440302c1e1961f2552f5\output\jars\classes.jar
java_class_path (initial): C:\Users\yashwant\AppData\Local\Android\sdk\build-tools\25.0.1\lib\dx.jar
Launcher Type: SUN_STANDARD

Environment Variables:
PATH=C:\ProgramData\Oracle\Java\javapath;C:\Program Files\Dell\DW WLAN Card;;C:\Program Files (x86)\Intel\iCLS Client\;C:\Program Files\Intel\iCLS Client\;C:\Windows\system32;C:\Windows;C:\Windows\System32\Wbem;C:\Windows\System32\WindowsPowerShell\v1.0\;C:\Program Files (x86)\Intel\Intel(R) Management Engine Components\DAL;C:\Program Files\Intel\Intel(R) Management Engine Components\DAL;C:\Program Files (x86)\Intel\Intel(R) Management Engine Components\IPT;C:\Program Files\Intel\Intel(R) Management Engine Components\IPT;C:\Program Files\WIDCOMM\Bluetooth Software\;C:\Program Files\WIDCOMM\Bluetooth Software\syswow64;C:\Program Files (x86)\NVIDIA Corporation\PhysX\Common;C:\WINDOWS\system32;C:\WINDOWS;C:\WINDOWS\System32\Wbem;C:\WINDOWS\System32\WindowsPowerShell\v1.0\;C:\Program Files (x86)\QuickTime\QTSystem\;C:\Users\yashwant\AppData\Local\Microsoft\WindowsApps\C:\Program Files\Java\jdk1.8.0_111\bin
USERNAME=yashwant
OS=Windows_NT
PROCESSOR_IDENTIFIER=Intel64 Family 6 Model 94 Stepping 3, GenuineIntel



---------------  S Y S T E M  ---------------

OS: Windows 10.0 , 64 bit Build 14393 (10.0.14393.0)

CPU:total 8 (4 cores per cpu, 2 threads per core) family 6 model 94 stepping 3, cmov, cx8, fxsr, mmx, sse, sse2, sse3, ssse3, sse4.1, sse4.2, popcnt, avx, avx2, aes, clmul, erms, rtm, 3dnowpref, lzcnt, ht, tsc, tscinvbit, bmi1, bmi2, adx

Memory: 4k page, physical 8209452k(1110588k free), swap 12024352k(30236k free)

vm_info: OpenJDK 64-Bit Server VM (25.112-b06) for windows-amd64 JRE (1.8.0_112-release-b06), built on Dec  8 2016 00:54:26 by "builder" with MS VC++ 10.0 (VS2010)

time: Wed Apr 12 23:18:10 2017
elapsed time: 0 seconds (0d 0h 0m 0s)

