#
# There is insufficient memory for the Java Runtime Environment to continue.
# Native memory allocation (malloc) failed to allocate 32784 bytes for Chunk::new
# Possible reasons:
#   The system is out of physical RAM or swap space
#   In 32 bit mode, the process size limit was hit
# Possible solutions:
#   Reduce memory load on the system
#   Increase physical memory or swap space
#   Check if swap backing store is full
#   Use 64 bit Java on a 64 bit OS
#   Decrease Java heap size (-Xmx/-Xms)
#   Decrease number of Java threads
#   Decrease Java thread stack sizes (-Xss)
#   Set larger code cache with -XX:ReservedCodeCacheSize=
# This output file may be truncated or incomplete.
#
#  Out of Memory Error (allocation.cpp:390), pid=10208, tid=0x0000000000001edc
#
# JRE version: OpenJDK Runtime Environment (8.0_112-b06) (build 1.8.0_112-release-b06)
# Java VM: OpenJDK 64-Bit Server VM (25.112-b06 mixed mode windows-amd64 compressed oops)
# Failed to write core dump. Minidumps are not enabled by default on client versions of Windows
#

---------------  T H R E A D  ---------------

Current thread (0x0000000017623800):  JavaThread "C2 CompilerThread2" daemon [_thread_in_native, id=7900, stack(0x0000000017f90000,0x0000000018090000)]

Stack: [0x0000000017f90000,0x0000000018090000]
[error occurred during error reporting (printing stack bounds), id 0xc0000005]

Native frames: (J=compiled Java code, j=interpreted, Vv=VM code, C=native code)


Current CompileTask:
C2:   1698 1400       4       com.android.dx.ssa.SCCP::simulatePhi (169 bytes)


---------------  P R O C E S S  ---------------

Java Threads: ( => current thread )
  0x0000000017759800 JavaThread "pool-2-thread-4" [_thread_in_Java, id=1692, stack(0x0000000018790000,0x0000000018890000)]
  0x00000000176c1000 JavaThread "pool-2-thread-3" [_thread_in_Java, id=17120, stack(0x0000000018690000,0x0000000018790000)]
  0x00000000176c8000 JavaThread "pool-2-thread-2" [_thread_in_Java, id=17364, stack(0x0000000018590000,0x0000000018690000)]
  0x00000000176b3000 JavaThread "pool-3-thread-1" [_thread_blocked, id=17508, stack(0x0000000018490000,0x0000000018590000)]
  0x000000001762d000 JavaThread "Service Thread" daemon [_thread_blocked, id=13056, stack(0x0000000018190000,0x0000000018290000)]
  0x0000000017629800 JavaThread "C1 CompilerThread3" daemon [_thread_blocked, id=14756, stack(0x0000000018090000,0x0000000018190000)]
=>0x0000000017623800 JavaThread "C2 CompilerThread2" daemon [_thread_in_native, id=7900, stack(0x0000000017f90000,0x0000000018090000)]
  0x000000001761f800 JavaThread "C2 CompilerThread1" daemon [_thread_in_native, id=14768, stack(0x0000000017e90000,0x0000000017f90000)]
  0x00000000175d3000 JavaThread "C2 CompilerThread0" daemon [_thread_in_native, id=17452, stack(0x0000000017d90000,0x0000000017e90000)]
  0x00000000175d1800 JavaThread "Attach Listener" daemon [_thread_blocked, id=14324, stack(0x0000000017c90000,0x0000000017d90000)]
  0x00000000175d0800 JavaThread "Signal Dispatcher" daemon [_thread_blocked, id=15272, stack(0x0000000017b90000,0x0000000017c90000)]
  0x00000000156aa800 JavaThread "Finalizer" daemon [_thread_blocked, id=12448, stack(0x00000000179a0000,0x0000000017aa0000)]
  0x0000000002b86000 JavaThread "Reference Handler" daemon [_thread_blocked, id=15760, stack(0x00000000174a0000,0x00000000175a0000)]
  0x0000000002a90800 JavaThread "main" [_thread_blocked, id=16476, stack(0x0000000002890000,0x0000000002990000)]

Other Threads:
  0x00000000156a5800 VMThread [stack: 0x00000000173a0000,0x00000000174a0000] [id=13768]
  0x000000001762d800 WatcherThread [stack: 0x0000000018290000,0x0000000018390000] [id=9304]

VM state:not at safepoint (normal execution)

VM Mutex/Monitor currently owned by a thread: None

Heap:
 PSYoungGen      total 70656K, used 43712K [0x00000000eab00000, 0x00000000ef500000, 0x0000000100000000)
  eden space 65536K, 58% used [0x00000000eab00000,0x00000000ed0b6e10,0x00000000eeb00000)
  from space 5120K, 99% used [0x00000000ef000000,0x00000000ef4f93c8,0x00000000ef500000)
  to   space 5120K, 0% used [0x00000000eeb00000,0x00000000eeb00000,0x00000000ef000000)
 ParOldGen       total 86016K, used 16289K [0x00000000c0000000, 0x00000000c5400000, 0x00000000eab00000)
  object space 86016K, 18% used [0x00000000c0000000,0x00000000c0fe8480,0x00000000c5400000)
 Metaspace       used 5783K, capacity 6960K, committed 7040K, reserved 1056768K
  class space    used 558K, capacity 616K, committed 640K, reserved 1048576K

Card table byte_map: [0x0000000011f50000,0x0000000012160000] byte_map_base: 0x0000000011950000

Marking Bits: (ParMarkBitMap*) 0x0000000067c018f0
 Begin Bits: [0x0000000012ac0000, 0x0000000013ac0000)
 End Bits:   [0x0000000013ac0000, 0x0000000014ac0000)

Polling page: 0x0000000000df0000

CodeCache: size=245760Kb used=5790Kb max_used=5815Kb free=239969Kb
 bounds [0x0000000002b90000, 0x0000000003150000, 0x0000000011b90000]
 total_blobs=1633 nmethods=1372 adapters=175
 compilation: enabled

Compilation events (10 events):
Event: 1.659 Thread 0x0000000017623800 1400       4       com.android.dx.ssa.SCCP::simulatePhi (169 bytes)
Event: 1.659 Thread 0x0000000017629800 nmethod 1410 0x0000000003131a10 code [0x0000000003131c40, 0x0000000003132228]
Event: 1.660 Thread 0x0000000017629800 1413       3       com.android.dx.ssa.SsaInsn::makeFromRop (10 bytes)
Event: 1.661 Thread 0x0000000017629800 nmethod 1413 0x0000000003118b90 code [0x0000000003118d20, 0x00000000031191a8]
Event: 1.661 Thread 0x0000000017629800 1414       3       com.android.dx.ssa.PhiInsn::predBlocksForReg (73 bytes)
Event: 1.662 Thread 0x0000000017629800 nmethod 1414 0x000000000312fb90 code [0x000000000312fe00, 0x0000000003130e58]
Event: 1.662 Thread 0x0000000017629800 1415       3       com.android.dx.ssa.SsaMethod::makeNewSsaReg (26 bytes)
Event: 1.662 Thread 0x0000000017629800 nmethod 1415 0x00000000030ff450 code [0x00000000030ff5a0, 0x00000000030ff810]
Event: 1.666 Thread 0x000000001761f800 nmethod 1359 0x000000000313b490 code [0x000000000313b7c0, 0x000000000313ebc0]
Event: 1.667 Thread 0x000000001761f800 1411       4       com.android.dx.ssa.back.LivenessAnalyzer::run (231 bytes)

GC Heap History (4 events):
Event: 1.110 GC heap before
{Heap before GC invocations=1 (full 0):
 PSYoungGen      total 37888K, used 32768K [0x00000000eab00000, 0x00000000ed500000, 0x0000000100000000)
  eden space 32768K, 100% used [0x00000000eab00000,0x00000000ecb00000,0x00000000ecb00000)
  from space 5120K, 0% used [0x00000000ed000000,0x00000000ed000000,0x00000000ed500000)
  to   space 5120K, 0% used [0x00000000ecb00000,0x00000000ecb00000,0x00000000ed000000)
 ParOldGen       total 86016K, used 0K [0x00000000c0000000, 0x00000000c5400000, 0x00000000eab00000)
  object space 86016K, 0% used [0x00000000c0000000,0x00000000c0000000,0x00000000c5400000)
 Metaspace       used 5668K, capacity 6896K, committed 7040K, reserved 1056768K
  class space    used 555K, capacity 616K, committed 640K, reserved 1048576K
Event: 1.133 GC heap after
Heap after GC invocations=1 (full 0):
 PSYoungGen      total 37888K, used 5119K [0x00000000eab00000, 0x00000000ef500000, 0x0000000100000000)
  eden space 32768K, 0% used [0x00000000eab00000,0x00000000eab00000,0x00000000ecb00000)
  from space 5120K, 99% used [0x00000000ecb00000,0x00000000ecffff70,0x00000000ed000000)
  to   space 5120K, 0% used [0x00000000ef000000,0x00000000ef000000,0x00000000ef500000)
 ParOldGen       total 86016K, used 2703K [0x00000000c0000000, 0x00000000c5400000, 0x00000000eab00000)
  object space 86016K, 3% used [0x00000000c0000000,0x00000000c02a3eb8,0x00000000c5400000)
 Metaspace       used 5668K, capacity 6896K, committed 7040K, reserved 1056768K
  class space    used 555K, capacity 616K, committed 640K, reserved 1048576K
}
Event: 1.406 GC heap before
{Heap before GC invocations=2 (full 0):
 PSYoungGen      total 37888K, used 37887K [0x00000000eab00000, 0x00000000ef500000, 0x0000000100000000)
  eden space 32768K, 100% used [0x00000000eab00000,0x00000000ecb00000,0x00000000ecb00000)
  from space 5120K, 99% used [0x00000000ecb00000,0x00000000ecffff70,0x00000000ed000000)
  to   space 5120K, 0% used [0x00000000ef000000,0x00000000ef000000,0x00000000ef500000)
 ParOldGen       total 86016K, used 2703K [0x00000000c0000000, 0x00000000c5400000, 0x00000000eab00000)
  object space 86016K, 3% used [0x00000000c0000000,0x00000000c02a3eb8,0x00000000c5400000)
 Metaspace       used 5754K, capacity 6960K, committed 7040K, reserved 1056768K
  class space    used 557K, capacity 616K, committed 640K, reserved 1048576K
Event: 1.455 GC heap after
Heap after GC invocations=2 (full 0):
 PSYoungGen      total 70656K, used 5092K [0x00000000eab00000, 0x00000000ef500000, 0x0000000100000000)
  eden space 65536K, 0% used [0x00000000eab00000,0x00000000eab00000,0x00000000eeb00000)
  from space 5120K, 99% used [0x00000000ef000000,0x00000000ef4f93c8,0x00000000ef500000)
  to   space 5120K, 0% used [0x00000000eeb00000,0x00000000eeb00000,0x00000000ef000000)
 ParOldGen       total 86016K, used 16289K [0x00000000c0000000, 0x00000000c5400000, 0x00000000eab00000)
  object space 86016K, 18% used [0x00000000c0000000,0x00000000c0fe8480,0x00000000c5400000)
 Metaspace       used 5754K, capacity 6960K, committed 7040K, reserved 1056768K
  class space    used 557K, capacity 616K, committed 640K, reserved 1048576K
}

Deoptimization events (10 events):
Event: 1.017 Thread 0x0000000017759800 Uncommon trap: reason=class_check action=maybe_recompile pc=0x0000000002ddc5a8 method=com.android.dx.rop.type.Type.equals(Ljava/lang/Object;)Z @ 8
Event: 1.017 Thread 0x0000000017759800 Uncommon trap: reason=class_check action=maybe_recompile pc=0x0000000002ddc5a8 method=com.android.dx.rop.type.Type.equals(Ljava/lang/Object;)Z @ 8
Event: 1.017 Thread 0x0000000017759800 Uncommon trap: reason=class_check action=maybe_recompile pc=0x0000000002ddc5a8 method=com.android.dx.rop.type.Type.equals(Ljava/lang/Object;)Z @ 8
Event: 1.022 Thread 0x0000000017759800 Uncommon trap: reason=unstable_if action=reinterpret pc=0x0000000002efc8a0 method=com.android.dx.util.IntList.binarysearch(I)I @ 26
Event: 1.235 Thread 0x00000000176c1000 Uncommon trap: reason=class_check action=maybe_recompile pc=0x0000000003084c4c method=com.android.dx.cf.code.BaseMachine.getLocalTarget(Z)Lcom/android/dx/rop/code/RegisterSpec; @ 70
Event: 1.235 Thread 0x00000000176c1000 Uncommon trap: reason=class_check action=maybe_recompile pc=0x0000000003055844 method=com.android.dx.cf.code.BaseMachine.getLocalTarget(Z)Lcom/android/dx/rop/code/RegisterSpec; @ 70
Event: 1.235 Thread 0x00000000176c1000 Uncommon trap: reason=class_check action=maybe_recompile pc=0x0000000003084c4c method=com.android.dx.cf.code.BaseMachine.getLocalTarget(Z)Lcom/android/dx/rop/code/RegisterSpec; @ 70
Event: 1.235 Thread 0x00000000176c1000 Uncommon trap: reason=class_check action=maybe_recompile pc=0x0000000003055844 method=com.android.dx.cf.code.BaseMachine.getLocalTarget(Z)Lcom/android/dx/rop/code/RegisterSpec; @ 70
Event: 1.236 Thread 0x00000000176c1000 Uncommon trap: reason=class_check action=maybe_recompile pc=0x0000000003084c4c method=com.android.dx.cf.code.BaseMachine.getLocalTarget(Z)Lcom/android/dx/rop/code/RegisterSpec; @ 70
Event: 1.262 Thread 0x00000000176c8000 Uncommon trap: reason=unstable_if action=reinterpret pc=0x0000000002d8ed34 method=java.util.BitSet.ensureCapacity(I)V @ 6

Internal exceptions (2 events):
Event: 0.191 Thread 0x0000000002a90800 Exception <a 'java/lang/NoSuchMethodError': Method sun.misc.Unsafe.defineClass(Ljava/lang/String;[BII)Ljava/lang/Class; name or signature does not match> (0x00000000eab07c78) thrown at [C:\src\android\AOSP-openjdk\external\jetbrains\jdk\hotspot\src\share\vî¶þdlÈ?
Event: 0.191 Thread 0x0000000002a90800 Exception <a 'java/lang/NoSuchMethodError': Method sun.misc.Unsafe.prefetchRead(Ljava/lang/Object;J)V name or signature does not match> (0x00000000eab07f60) thrown at [C:\src\android\AOSP-openjdk\external\jetbrains\jdk\hotspot\src\share\vm\prims\jni.cpp, l

Events (10 events):
Event: 1.621 Thread 0x00000000176c1000 DEOPT PACKING pc=0x0000000002f89009 sp=0x000000001878eb80
Event: 1.621 Thread 0x00000000176c1000 DEOPT UNPACKING pc=0x0000000002bd75bf sp=0x000000001878e948 mode 0
Event: 1.640 Thread 0x0000000017759800 DEOPT PACKING pc=0x0000000003100240 sp=0x000000001888ea80
Event: 1.640 Thread 0x0000000017759800 DEOPT UNPACKING pc=0x0000000002bd75bf sp=0x000000001888e828 mode 0
Event: 1.646 Thread 0x0000000017759800 DEOPT PACKING pc=0x0000000002f89009 sp=0x000000001888e9c0
Event: 1.646 Thread 0x0000000017759800 DEOPT UNPACKING pc=0x0000000002bd75bf sp=0x000000001888e788 mode 0
Event: 1.668 Thread 0x00000000176c8000 DEOPT PACKING pc=0x0000000002f89009 sp=0x000000001868e6d0
Event: 1.668 Thread 0x00000000176c1000 DEOPT PACKING pc=0x0000000002f89009 sp=0x000000001878eb80
Event: 1.668 Thread 0x00000000176c8000 DEOPT UNPACKING pc=0x0000000002bd75bf sp=0x000000001868e498 mode 0
Event: 1.668 Thread 0x00000000176c1000 DEOPT UNPACKING pc=0x0000000002bd75bf sp=0x000000001878e948 mode 0


Dynamic libraries:
0x00007ff6e6590000 - 0x00007ff6e65c1000 	C:\Program Files\Android\Android Studio\jre\bin\java.exe
0x00007ff88bd00000 - 0x00007ff88bed1000 	C:\WINDOWS\SYSTEM32\ntdll.dll
0x00007ff88ba70000 - 0x00007ff88bb1b000 	C:\WINDOWS\System32\KERNEL32.DLL
0x00007ff8885a0000 - 0x00007ff8887bd000 	C:\WINDOWS\System32\KERNELBASE.dll
0x00007ff88b920000 - 0x00007ff88b9c2000 	C:\WINDOWS\System32\ADVAPI32.dll
0x00007ff88acc0000 - 0x00007ff88ad5e000 	C:\WINDOWS\System32\msvcrt.dll
0x00007ff889430000 - 0x00007ff889489000 	C:\WINDOWS\System32\sechost.dll
0x00007ff88ab90000 - 0x00007ff88acb1000 	C:\WINDOWS\System32\RPCRT4.dll
0x00007ff88bb20000 - 0x00007ff88bc85000 	C:\WINDOWS\System32\USER32.dll
0x00007ff8884e0000 - 0x00007ff8884fe000 	C:\WINDOWS\System32\win32u.dll
0x00007ff88b2e0000 - 0x00007ff88b314000 	C:\WINDOWS\System32\GDI32.dll
0x00007ff889050000 - 0x00007ff8891d2000 	C:\WINDOWS\System32\gdi32full.dll
0x00007ff880a10000 - 0x00007ff880c8a000 	C:\WINDOWS\WinSxS\amd64_microsoft.windows.common-controls_6595b64144ccf1df_6.0.14393.953_none_42151e83c686086b\COMCTL32.dll
0x00007ff88aea0000 - 0x00007ff88b168000 	C:\WINDOWS\System32\combase.dll
0x00007ff888870000 - 0x00007ff888965000 	C:\WINDOWS\System32\ucrtbase.dll
0x00007ff8881f0000 - 0x00007ff88825a000 	C:\WINDOWS\System32\bcryptPrimitives.dll
0x00007ff88b9d0000 - 0x00007ff88b9fe000 	C:\WINDOWS\System32\IMM32.DLL
0x000000006c100000 - 0x000000006c1d2000 	C:\Program Files\Android\Android Studio\jre\jre\bin\msvcr100.dll
0x0000000067440000 - 0x0000000067c7c000 	C:\Program Files\Android\Android Studio\jre\jre\bin\server\jvm.dll
0x00007ff88b170000 - 0x00007ff88b178000 	C:\WINDOWS\System32\PSAPI.DLL
0x00007ff884a60000 - 0x00007ff884a69000 	C:\WINDOWS\SYSTEM32\WSOCK32.dll
0x00007ff88ba00000 - 0x00007ff88ba6a000 	C:\WINDOWS\System32\WS2_32.dll
0x00007ff8864e0000 - 0x00007ff886503000 	C:\WINDOWS\SYSTEM32\WINMM.dll
0x00007ff881980000 - 0x00007ff88198a000 	C:\WINDOWS\SYSTEM32\VERSION.dll
0x00007ff886480000 - 0x00007ff8864ab000 	C:\WINDOWS\SYSTEM32\WINMMBASE.dll
0x00007ff8891e0000 - 0x00007ff889222000 	C:\WINDOWS\System32\cfgmgr32.dll
0x00007ff884610000 - 0x00007ff88461f000 	C:\Program Files\Android\Android Studio\jre\jre\bin\verify.dll
0x00007ff883080000 - 0x00007ff8830a9000 	C:\Program Files\Android\Android Studio\jre\jre\bin\java.dll
0x00007ff8845f0000 - 0x00007ff884606000 	C:\Program Files\Android\Android Studio\jre\jre\bin\zip.dll
0x00007ff889510000 - 0x00007ff88aa19000 	C:\WINDOWS\System32\SHELL32.dll
0x00007ff888970000 - 0x00007ff88904a000 	C:\WINDOWS\System32\windows.storage.dll
0x00007ff888190000 - 0x00007ff8881dc000 	C:\WINDOWS\System32\powrprof.dll
0x00007ff88bca0000 - 0x00007ff88bcf2000 	C:\WINDOWS\System32\shlwapi.dll
0x00007ff8881e0000 - 0x00007ff8881ef000 	C:\WINDOWS\System32\kernel.appcore.dll
0x00007ff888430000 - 0x00007ff8884d9000 	C:\WINDOWS\System32\shcore.dll
0x00007ff888170000 - 0x00007ff888184000 	C:\WINDOWS\System32\profapi.dll

VM Arguments:
jvm_args: -Djava.awt.headless=true -Xmx1024M -Dfile.encoding=windows-1252 -Duser.country=IN -Duser.language=en -Duser.variant 
java_command: com.android.dx.command.Main --dex --force-jumbo --num-threads=4 --multi-dex --output C:\Users\yashwant\Desktop\materiallogindemo-master\app\build\intermediates\transforms\dex\debug\folders\1000\5\slice_2 C:\Users\yashwant\Desktop\materiallogindemo-master\app\build\intermediates\transforms\instantRunSlicer\debug\folders\1\5\slice_2
java_class_path (initial): C:\Users\yashwant\AppData\Local\Android\sdk\build-tools\25.0.1\lib\dx.jar
Launcher Type: SUN_STANDARD

Environment Variables:
PATH=C:\ProgramData\Oracle\Java\javapath;C:\Program Files\Dell\DW WLAN Card;;C:\Program Files (x86)\Intel\iCLS Client\;C:\Program Files\Intel\iCLS Client\;C:\Windows\system32;C:\Windows;C:\Windows\System32\Wbem;C:\Windows\System32\WindowsPowerShell\v1.0\;C:\Program Files (x86)\Intel\Intel(R) Management Engine Components\DAL;C:\Program Files\Intel\Intel(R) Management Engine Components\DAL;C:\Program Files (x86)\Intel\Intel(R) Management Engine Components\IPT;C:\Program Files\Intel\Intel(R) Management Engine Components\IPT;C:\Program Files\WIDCOMM\Bluetooth Software\;C:\Program Files\WIDCOMM\Bluetooth Software\syswow64;C:\Program Files (x86)\NVIDIA Corporation\PhysX\Common;C:\WINDOWS\system32;C:\WINDOWS;C:\WINDOWS\System32\Wbem;C:\WINDOWS\System32\WindowsPowerShell\v1.0\;C:\Program Files (x86)\QuickTime\QTSystem\;C:\Users\yashwant\AppData\Local\Microsoft\WindowsApps\C:\Program Files\Java\jdk1.8.0_111\bin
USERNAME=yashwant
OS=Windows_NT
PROCESSOR_IDENTIFIER=Intel64 Family 6 Model 94 Stepping 3, GenuineIntel



---------------  S Y S T E M  ---------------

OS: Windows 10.0 , 64 bit Build 14393 (10.0.14393.0)

CPU:total 8 (4 cores per cpu, 2 threads per core) family 6 model 94 stepping 3, cmov, cx8, fxsr, mmx, sse, sse2, sse3, ssse3, sse4.1, sse4.2, popcnt, avx, avx2, aes, clmul, erms, rtm, 3dnowpref, lzcnt, ht, tsc, tscinvbit, bmi1, bmi2, adx

Memory: 4k page, physical 8209452k(1091004k free), swap 12024352k(4156k free)

vm_info: OpenJDK 64-Bit Server VM (25.112-b06) for windows-amd64 JRE (1.8.0_112-release-b06), built on Dec  8 2016 00:54:26 by "builder" with MS VC++ 10.0 (VS2010)

time: Wed Apr 12 23:18:10 2017
elapsed time: 1 seconds (0d 0h 0m 1s)

